#-----------------------------------------------------------
# Vivado v2020.2 (64-bit)
# SW Build 3064766 on Wed Nov 18 09:12:47 MST 2020
# IP Build 3064653 on Wed Nov 18 14:17:31 MST 2020
# Start of session at: Tue Dec 29 11:40:33 2020
# Process ID: 27259
# Current directory: /home/polo/tutorials/ultra96_tutorials
# Command line: vivado
# Log file: /home/polo/tutorials/ultra96_tutorials/vivado.log
# Journal file: /home/polo/tutorials/ultra96_tutorials/vivado.jou
#-----------------------------------------------------------
start_gui
open_project /home/polo/tutorials/ultra96_tutorials/v2020.2/vivado/project_1/project_1.xpr
WARNING: [filemgmt 56-3] Default IP Output Path : Could not find the directory '/home/polo/tutorials/ultra96_tutorials/v2020.2/vivado/project_1/project_1.gen/sources_1'.
Scanning sources...
Finished scanning sources
INFO: [IP_Flow 19-234] Refreshing IP repositories
INFO: [IP_Flow 19-1704] No user IP repositories specified
INFO: [IP_Flow 19-2313] Loaded Vivado IP repository '/home/Xilinx/Vivado/2020.2/data/ip'.
INFO: [IP_Flow 19-3899] Cannot get the environment domain name variable for the component vendor name. Setting the vendor name to 'user.org'.
save_project_as project_2 /home/polo/temp/project_2 -force
INFO: [IP_Flow 19-3899] Cannot get the environment domain name variable for the component vendor name. Setting the vendor name to 'user.org'.
add_files -norecurse -scan_for_includes /home/polo/temp/sifive.freedom.everywhere.e300artydevkit.E300ArtyDevKitConfig.v
update_compile_order -fileset sources_1
exit
INFO: [Common 17-206] Exiting Vivado at Tue Dec 29 12:01:35 2020...
